<?xml version="1.0" encoding="UTF-8"?>
<!-- Generated by org.testng.reporters.JUnitReportReporter -->
<testsuite hostname="TuyetMai" name="selenium_api.Topic_01_CheckEvironment" tests="1" failures="0" timestamp="28 Oct 2018 16:06:15 GMT" time="0.017" errors="0">
  <testcase name="TC_01_CheckTitle" time="0.017" classname="selenium_api.Topic_01_CheckEvironment"/>
</testsuite> <!-- selenium_api.Topic_01_CheckEvironment -->
